<?xml version="1.0" encoding="UTF-8"?>
<testsuite xmlns:xsi="http://www.w3.org/2001/XMLSchema-instance" xsi:noNamespaceSchemaLocation="https://maven.apache.org/surefire/maven-surefire-plugin/xsd/surefire-test-report.xsd" version="3.0.2" name="team5.prototype.task.TaskServiceImplTest" time="0.507" tests="1" errors="0" skipped="0" failures="0">
  <properties>
[...]
</properties>
  <testcase name="createTaskThrowsWhenDefinitionMissing" classname="team5.prototype.task.TaskServiceImplTest" time="0.506"/>
</testsuite>